2025-06-06 12:54:14.456 [info] ComputeTargetPlatform: linux-x64
2025-06-06 12:54:16.691 [info] ComputeTargetPlatform: linux-x64
2025-06-06 12:54:18.880 [info] Getting Manifest... jnoortheen.nix-ide
2025-06-06 12:54:18.881 [info] Getting Manifest... pkief.material-icon-theme
2025-06-06 12:54:18.882 [info] Getting Manifest... vscodevim.vim
2025-06-06 12:54:19.765 [info] Installing extension: pkief.material-icon-theme {"productVersion":{"version":"1.100.23258","date":"2025-05-15T18:24:48.143Z"},"pinned":false,"operation":3,"isApplicationScoped":false,"profileLocation":{"$mid":1,"external":"vscode-userdata:/home/thenothingdude/.vscode-oss/extensions/extensions.json","path":"/home/thenothingdude/.vscode-oss/extensions/extensions.json","scheme":"vscode-userdata"}}
2025-06-06 12:54:19.766 [info] Installing extension: jnoortheen.nix-ide {"productVersion":{"version":"1.100.23258","date":"2025-05-15T18:24:48.143Z"},"pinned":false,"operation":3,"isApplicationScoped":false,"profileLocation":{"$mid":1,"external":"vscode-userdata:/home/thenothingdude/.vscode-oss/extensions/extensions.json","path":"/home/thenothingdude/.vscode-oss/extensions/extensions.json","scheme":"vscode-userdata"}}
2025-06-06 12:54:19.799 [info] Installing extension: vscodevim.vim {"productVersion":{"version":"1.100.23258","date":"2025-05-15T18:24:48.143Z"},"pinned":false,"operation":3,"isApplicationScoped":false,"profileLocation":{"$mid":1,"external":"vscode-userdata:/home/thenothingdude/.vscode-oss/extensions/extensions.json","path":"/home/thenothingdude/.vscode-oss/extensions/extensions.json","scheme":"vscode-userdata"}}
2025-06-06 12:54:20.253 [info] Extracted extension to file:///home/thenothingdude/.vscode-oss/extensions/vscodevim.vim-1.30.1-universal: vscodevim.vim
2025-06-06 12:54:20.262 [info] Renamed to /home/thenothingdude/.vscode-oss/extensions/vscodevim.vim-1.30.1-universal
2025-06-06 12:54:20.276 [info] Marked extension as removed vscodevim.vim-1.29.0-universal
2025-06-06 12:54:20.279 [info] Extension installed successfully: vscodevim.vim vscode-userdata:/home/thenothingdude/.vscode-oss/extensions/extensions.json
2025-06-06 12:54:20.424 [info] Extracted extension to file:///home/thenothingdude/.vscode-oss/extensions/pkief.material-icon-theme-5.23.0-universal: pkief.material-icon-theme
2025-06-06 12:54:20.440 [info] Renamed to /home/thenothingdude/.vscode-oss/extensions/pkief.material-icon-theme-5.23.0-universal
2025-06-06 12:54:20.452 [info] Marked extension as removed pkief.material-icon-theme-5.22.0-universal
2025-06-06 12:54:20.456 [info] Extension installed successfully: pkief.material-icon-theme vscode-userdata:/home/thenothingdude/.vscode-oss/extensions/extensions.json
2025-06-06 12:54:20.593 [info] Extracted extension to file:///home/thenothingdude/.vscode-oss/extensions/jnoortheen.nix-ide-0.4.18-universal: jnoortheen.nix-ide
2025-06-06 12:54:20.601 [info] Renamed to /home/thenothingdude/.vscode-oss/extensions/jnoortheen.nix-ide-0.4.18-universal
2025-06-06 12:54:20.612 [info] Marked extension as removed jnoortheen.nix-ide-0.4.16
2025-06-06 12:54:20.615 [info] Extension installed successfully: jnoortheen.nix-ide vscode-userdata:/home/thenothingdude/.vscode-oss/extensions/extensions.json
2025-06-06 13:01:36.737 [info] Getting Manifest... bbenoist.nix
2025-06-06 13:01:37.370 [info] Installing extension: bbenoist.nix {"isMachineScoped":false,"installPreReleaseVersion":false,"pinned":false,"profileLocation":{"$mid":1,"external":"vscode-userdata:/home/thenothingdude/.vscode-oss/extensions/extensions.json","path":"/home/thenothingdude/.vscode-oss/extensions/extensions.json","scheme":"vscode-userdata"},"isApplicationScoped":false,"productVersion":{"version":"1.100.23258","date":"2025-05-15T18:24:48.143Z"}}
2025-06-06 13:01:37.688 [info] Extracted extension to file:///home/thenothingdude/.vscode-oss/extensions/bbenoist.nix-1.0.1-universal: bbenoist.nix
2025-06-06 13:01:37.696 [info] Renamed to /home/thenothingdude/.vscode-oss/extensions/bbenoist.nix-1.0.1-universal
2025-06-06 13:01:37.711 [info] Extension installed successfully: bbenoist.nix vscode-userdata:/home/thenothingdude/.vscode-oss/extensions/extensions.json
2025-06-06 13:01:59.015 [info] Uninstalling extension from the profile: jnoortheen.nix-ide@0.4.18 vscode-userdata:/home/thenothingdude/.vscode-oss/extensions/extensions.json
2025-06-06 13:01:59.040 [info] Marked extension as removed jnoortheen.nix-ide-0.4.18-universal
2025-06-06 13:01:59.307 [info] Successfully uninstalled extension from the profile jnoortheen.nix-ide@0.4.18 vscode-userdata:/home/thenothingdude/.vscode-oss/extensions/extensions.json
2025-06-06 13:02:04.867 [info] Uninstalling extension from the profile: vscodevim.vim@1.30.1 vscode-userdata:/home/thenothingdude/.vscode-oss/extensions/extensions.json
2025-06-06 13:02:04.891 [info] Marked extension as removed vscodevim.vim-1.30.1-universal
2025-06-06 13:02:05.165 [info] Successfully uninstalled extension from the profile vscodevim.vim@1.30.1 vscode-userdata:/home/thenothingdude/.vscode-oss/extensions/extensions.json
2025-06-06 13:03:46.049 [info] Getting Manifest... kamadorueda.alejandra
2025-06-06 13:03:46.492 [info] Installing extension: kamadorueda.alejandra {"isMachineScoped":false,"installPreReleaseVersion":false,"pinned":false,"profileLocation":{"$mid":1,"external":"vscode-userdata:/home/thenothingdude/.vscode-oss/extensions/extensions.json","path":"/home/thenothingdude/.vscode-oss/extensions/extensions.json","scheme":"vscode-userdata"},"isApplicationScoped":false,"productVersion":{"version":"1.100.23258","date":"2025-05-15T18:24:48.143Z"}}
2025-06-06 13:03:46.728 [info] Extracted extension to file:///home/thenothingdude/.vscode-oss/extensions/kamadorueda.alejandra-1.4.0-universal: kamadorueda.alejandra
2025-06-06 13:03:46.735 [info] Renamed to /home/thenothingdude/.vscode-oss/extensions/kamadorueda.alejandra-1.4.0-universal
2025-06-06 13:03:46.748 [info] Extension installed successfully: kamadorueda.alejandra vscode-userdata:/home/thenothingdude/.vscode-oss/extensions/extensions.json
2025-06-06 13:04:45.616 [info] Uninstalling extension from the profile: kamadorueda.alejandra@1.4.0 vscode-userdata:/home/thenothingdude/.vscode-oss/extensions/extensions.json
2025-06-06 13:04:45.642 [info] Marked extension as removed kamadorueda.alejandra-1.4.0-universal
2025-06-06 13:04:45.901 [info] Successfully uninstalled extension from the profile kamadorueda.alejandra@1.4.0 vscode-userdata:/home/thenothingdude/.vscode-oss/extensions/extensions.json
2025-06-06 13:04:53.826 [info] Getting Manifest... jnoortheen.nix-ide
2025-06-06 13:04:54.010 [info] Installing extension: jnoortheen.nix-ide {"isMachineScoped":false,"installPreReleaseVersion":false,"pinned":false,"profileLocation":{"$mid":1,"external":"vscode-userdata:/home/thenothingdude/.vscode-oss/extensions/extensions.json","path":"/home/thenothingdude/.vscode-oss/extensions/extensions.json","scheme":"vscode-userdata"},"isApplicationScoped":false,"productVersion":{"version":"1.100.23258","date":"2025-05-15T18:24:48.143Z"}}
2025-06-06 13:04:54.042 [info] Removed the extension from removed list: jnoortheen.nix-ide
2025-06-06 13:04:54.057 [info] Extension installed successfully: jnoortheen.nix-ide vscode-userdata:/home/thenothingdude/.vscode-oss/extensions/extensions.json
