2025-06-06 13:54:03.657 [info] Extension host with pid 3195 started
2025-06-06 13:54:03.683 [info] ExtensionService#_doActivateExtension vscode.emmet, startup: false, activationEvent: 'onLanguage'
2025-06-06 13:54:03.696 [info] ExtensionService#_doActivateExtension jnoortheen.nix-ide, startup: false, activationEvent: 'onLanguage:nix'
2025-06-06 13:54:03.733 [info] ExtensionService#_doActivateExtension vscode.git-base, startup: true, activationEvent: '*', root cause: vscode.git
2025-06-06 13:54:03.734 [info] ExtensionService#_doActivateExtension astro-build.houston, startup: true, activationEvent: '*'
2025-06-06 13:54:03.735 [info] ExtensionService#_doActivateExtension formulahendry.auto-close-tag, startup: true, activationEvent: '*'
2025-06-06 13:54:03.738 [info] ExtensionService#_doActivateExtension vscode.git, startup: true, activationEvent: '*'
2025-06-06 13:54:03.768 [info] ExtensionService#_doActivateExtension vscode.github, startup: true, activationEvent: '*'
2025-06-06 13:54:03.794 [info] ExtensionService#_doActivateExtension vscode.configuration-editing, startup: false, activationEvent: 'onLanguage:jsonc'
2025-06-06 13:54:03.799 [info] ExtensionService#_doActivateExtension vscode.json-language-features, startup: false, activationEvent: 'onLanguage:jsonc'
2025-06-06 13:54:03.830 [info] ExtensionService#_doActivateExtension vscode.typescript-language-features, startup: false, activationEvent: 'onLanguage:jsonc'
2025-06-06 13:54:03.881 [info] Eager extensions activated
2025-06-06 13:54:03.900 [info] ExtensionService#_doActivateExtension vscode.debug-auto-launch, startup: false, activationEvent: 'onStartupFinished'
2025-06-06 13:54:03.901 [info] ExtensionService#_doActivateExtension vscode.merge-conflict, startup: false, activationEvent: 'onStartupFinished'
2025-06-06 13:54:03.913 [info] ExtensionService#_doActivateExtension ecmel.vscode-html-css, startup: false, activationEvent: 'onStartupFinished'
2025-06-06 13:54:03.914 [info] ExtensionService#_doActivateExtension esbenp.prettier-vscode, startup: false, activationEvent: 'onStartupFinished'
2025-06-06 13:54:03.956 [info] ExtensionService#_doActivateExtension PKief.material-icon-theme, startup: false, activationEvent: 'onStartupFinished'
2025-06-06 13:54:03.964 [info] ExtensionService#_doActivateExtension ritwickdey.LiveServer, startup: false, activationEvent: 'onStartupFinished'
2025-06-06 13:54:03.970 [info] ExtensionService#_doActivateExtension zhuangtongfa.material-theme, startup: false, activationEvent: 'onStartupFinished'
2025-06-06 13:54:09.845 [info] Extension host terminating: renderer closed the MessagePort
2025-06-06 13:54:09.860 [error] TypeError: Cannot read properties of undefined (reading 'dispose')
	at z4 (/home/thenothingdude/.vscode-oss/extensions/jnoortheen.nix-ide-0.4.18-universal/dist/extension.js:44:45451)
	at Object.DO (/home/thenothingdude/.vscode-oss/extensions/jnoortheen.nix-ide-0.4.18-universal/dist/extension.js:44:48473)
	at PQ._deactivate (file:///nix/store/cix2lpniz567796dn19dpqa7i50yazap-vscodium-1.100.23258/lib/vscode/resources/app/out/vs/workbench/api/node/extensionHostProcess.js:123:14502)
	at file:///nix/store/cix2lpniz567796dn19dpqa7i50yazap-vscodium-1.100.23258/lib/vscode/resources/app/out/vs/workbench/api/node/extensionHostProcess.js:123:12013
	at Array.map (<anonymous>)
	at PQ._deactivateAll (file:///nix/store/cix2lpniz567796dn19dpqa7i50yazap-vscodium-1.100.23258/lib/vscode/resources/app/out/vs/workbench/api/node/extensionHostProcess.js:123:12001)
	at PQ.terminate (file:///nix/store/cix2lpniz567796dn19dpqa7i50yazap-vscodium-1.100.23258/lib/vscode/resources/app/out/vs/workbench/api/node/extensionHostProcess.js:123:12354)
	at v8.terminate (file:///nix/store/cix2lpniz567796dn19dpqa7i50yazap-vscodium-1.100.23258/lib/vscode/resources/app/out/vs/workbench/api/node/extensionHostProcess.js:124:1602)
	at ds (file:///nix/store/cix2lpniz567796dn19dpqa7i50yazap-vscodium-1.100.23258/lib/vscode/resources/app/out/vs/workbench/api/node/extensionHostProcess.js:225:5829)
	at MessagePortMain.<anonymous> (file:///nix/store/cix2lpniz567796dn19dpqa7i50yazap-vscodium-1.100.23258/lib/vscode/resources/app/out/vs/workbench/api/node/extensionHostProcess.js:225:2284)
	at MessagePortMain.emit (node:events:524:28)
	at MessagePortMain._internalPort.emit (node:electron/js2c/utility_init:2:2949)
2025-06-06 13:54:09.861 [info] Extension host with pid 3195 exiting with code 0
