2025-06-06 12:54:14.193 [info] Started local extension host with pid 10559.
2025-06-06 12:54:14.331 [info] ComputeTargetPlatform: linux-x64
2025-06-06 12:54:14.421 [info] ChatSessionStore: Migrating 0 chat sessions from storage service to file system
2025-06-06 12:54:14.439 [error] [EricSia.pythonsnippets3]: Unknown language in `contributes.pythonsnippets3.language`. Provided value: django-html
2025-06-06 12:54:14.439 [error] [EricSia.pythonsnippets3]: Unknown language in `contributes.pythonsnippets3.language`. Provided value: django-txt
2025-06-06 12:54:17.077 [info] [perf] Render performance baseline is 11ms
2025-06-06 12:54:17.877 [info] Auto updating outdated extensions. jnoortheen.nix-ide, pkief.material-icon-theme, vscodevim.vim
2025-06-06 12:54:25.046 [info] Started local extension host with pid 10725.
2025-06-06 13:02:40.050 [error] [text file model] handleSaveError(2) - exit - resulted in a save error: Error: Unable to write file '/etc/nixos/configuration.nix' (NoPermissions (FileSystemError): Error: EACCES: permission denied, open '/etc/nixos/configuration.nix') file:///etc/nixos/configuration.nix
2025-06-06 13:02:42.647 [error] [text file model] handleSaveError(4) - exit - resulted in a save error: Error: Unable to write file '/etc/nixos/configuration.nix' (NoPermissions (FileSystemError): Error: EACCES: permission denied, open '/etc/nixos/configuration.nix') file:///etc/nixos/configuration.nix
2025-06-06 13:04:49.218 [info] Started local extension host with pid 15484.
2025-06-06 13:04:54.067 [error] [EricSia.pythonsnippets3]: Unknown language in `contributes.pythonsnippets3.language`. Provided value: django-html
2025-06-06 13:04:54.067 [error] [EricSia.pythonsnippets3]: Unknown language in `contributes.pythonsnippets3.language`. Provided value: django-txt
2025-06-06 13:05:02.448 [error] [Extension Host] Command error ["nixfmt"] Error: spawn nixfmt ENOENT
	at ChildProcess._handle.onexit (node:internal/child_process:285:19)
	at onErrorNT (node:internal/child_process:483:16)
	at process.processTicksAndRejections (node:internal/process/task_queues:82:21)
2025-06-06 13:05:02.457 [error] [Extension Host] Error: Unexpected SIGPIPE
	at process.<anonymous> (file:///nix/store/cix2lpniz567796dn19dpqa7i50yazap-vscodium-1.100.23258/lib/vscode/resources/app/out/bootstrap-fork.js:3:11860)
	at process.emit (node:events:524:28)
2025-06-06 13:06:00.974 [error] [text file model] handleSaveError(6) - exit - resulted in a save error: Error: Unable to write file '/etc/nixos/configuration.nix' (NoPermissions (FileSystemError): Error: EACCES: permission denied, open '/etc/nixos/configuration.nix') file:///etc/nixos/configuration.nix
2025-06-06 13:06:03.564 [error] [text file model] handleSaveError(7) - exit - resulted in a save error: Error: No polkit authentication agent found. file:///etc/nixos/configuration.nix
2025-06-06 13:06:10.187 [error] [text file model] handleSaveError(7) - exit - resulted in a save error: Error: No polkit authentication agent found. file:///etc/nixos/configuration.nix
2025-06-06 13:31:04.434 [error] [text file model] handleSaveError(7) - exit - resulted in a save error: Error: No polkit authentication agent found. file:///etc/nixos/configuration.nix
2025-06-06 13:31:05.254 [error] [text file model] handleSaveError(7) - exit - resulted in a save error: Error: No polkit authentication agent found. file:///etc/nixos/configuration.nix
